Traceback (most recent call last):
  File "/Users/nehalbaid/projects/cf_submissions/.venv/lib/python3.12/site-packages/urllib3/connection.py", line 204, in _new_conn
    sock = connection.create_connection(
           ^^^^^^^^^^^^^^^^^^^^^^^^^^^^^
  File "/Users/nehalbaid/projects/cf_submissions/.venv/lib/python3.12/site-packages/urllib3/util/connection.py", line 60, in create_connection
    for res in socket.getaddrinfo(host, port, family, socket.SOCK_STREAM):
               ^^^^^^^^^^^^^^^^^^^^^^^^^^^^^^^^^^^^^^^^^^^^^^^^^^^^^^^^^^
  File "/Library/Frameworks/Python.framework/Versions/3.12/lib/python3.12/socket.py", line 963, in getaddrinfo
    for res in _socket.getaddrinfo(host, port, family, type, proto, flags):
               ^^^^^^^^^^^^^^^^^^^^^^^^^^^^^^^^^^^^^^^^^^^^^^^^^^^^^^^^^^^
socket.gaierror: [Errno 8] nodename nor servname provided, or not known

The above exception was the direct cause of the following exception:

Traceback (most recent call last):
  File "/Users/nehalbaid/projects/cf_submissions/.venv/lib/python3.12/site-packages/urllib3/connectionpool.py", line 788, in urlopen
    response = self._make_request(
               ^^^^^^^^^^^^^^^^^^^
  File "/Users/nehalbaid/projects/cf_submissions/.venv/lib/python3.12/site-packages/urllib3/connectionpool.py", line 488, in _make_request
    raise new_e
  File "/Users/nehalbaid/projects/cf_submissions/.venv/lib/python3.12/site-packages/urllib3/connectionpool.py", line 464, in _make_request
    self._validate_conn(conn)
  File "/Users/nehalbaid/projects/cf_submissions/.venv/lib/python3.12/site-packages/urllib3/connectionpool.py", line 1106, in _validate_conn
    conn.connect()
  File "/Users/nehalbaid/projects/cf_submissions/.venv/lib/python3.12/site-packages/urllib3/connection.py", line 759, in connect
    self.sock = sock = self._new_conn()
                       ^^^^^^^^^^^^^^^^
  File "/Users/nehalbaid/projects/cf_submissions/.venv/lib/python3.12/site-packages/urllib3/connection.py", line 211, in _new_conn
    raise NameResolutionError(self.host, self, e) from e
urllib3.exceptions.NameResolutionError: HTTPSConnection(host='codeforces.com', port=443): Failed to resolve 'codeforces.com' ([Errno 8] nodename nor servname provided, or not known)

The above exception was the direct cause of the following exception:

Traceback (most recent call last):
  File "/Users/nehalbaid/projects/cf_submissions/.venv/lib/python3.12/site-packages/requests/adapters.py", line 696, in send
    resp = conn.urlopen(
           ^^^^^^^^^^^^^
  File "/Users/nehalbaid/projects/cf_submissions/.venv/lib/python3.12/site-packages/urllib3/connectionpool.py", line 842, in urlopen
    retries = retries.increment(
              ^^^^^^^^^^^^^^^^^^
  File "/Users/nehalbaid/projects/cf_submissions/.venv/lib/python3.12/site-packages/urllib3/util/retry.py", line 543, in increment
    raise MaxRetryError(_pool, url, reason) from reason  # type: ignore[arg-type]
    ^^^^^^^^^^^^^^^^^^^^^^^^^^^^^^^^^^^^^^^^^^^^^^^^^^^
urllib3.exceptions.MaxRetryError: HTTPSConnectionPool(host='codeforces.com', port=443): Max retries exceeded with url: /api/user.status?handle=divyanshchandhok (Caused by NameResolutionError("HTTPSConnection(host='codeforces.com', port=443): Failed to resolve 'codeforces.com' ([Errno 8] nodename nor servname provided, or not known)"))

During handling of the above exception, another exception occurred:

Traceback (most recent call last):
  File "/Users/nehalbaid/projects/cf_submissions/sync.py", line 504, in <module>
    main()
  File "/Users/nehalbaid/projects/cf_submissions/sync.py", line 361, in main
    submissions = get_cf_submissions(USER_HANDLE)
                  ^^^^^^^^^^^^^^^^^^^^^^^^^^^^^^^
  File "/Users/nehalbaid/projects/cf_submissions/sync.py", line 192, in get_cf_submissions
    response = requests.get(url, headers=HEADERS)
               ^^^^^^^^^^^^^^^^^^^^^^^^^^^^^^^^^^
  File "/Users/nehalbaid/projects/cf_submissions/.venv/lib/python3.12/site-packages/requests/api.py", line 87, in get
    return request("get", url, params=params, **kwargs)
           ^^^^^^^^^^^^^^^^^^^^^^^^^^^^^^^^^^^^^^^^^^^^
  File "/Users/nehalbaid/projects/cf_submissions/.venv/lib/python3.12/site-packages/requests/api.py", line 71, in request
    return session.request(method=method, url=url, **kwargs)
           ^^^^^^^^^^^^^^^^^^^^^^^^^^^^^^^^^^^^^^^^^^^^^^^^^
  File "/Users/nehalbaid/projects/cf_submissions/.venv/lib/python3.12/site-packages/requests/sessions.py", line 651, in request
    resp = self.send(prep, **send_kwargs)
           ^^^^^^^^^^^^^^^^^^^^^^^^^^^^^^
  File "/Users/nehalbaid/projects/cf_submissions/.venv/lib/python3.12/site-packages/requests/sessions.py", line 784, in send
    r = adapter.send(request, **kwargs)
        ^^^^^^^^^^^^^^^^^^^^^^^^^^^^^^^
  File "/Users/nehalbaid/projects/cf_submissions/.venv/lib/python3.12/site-packages/requests/adapters.py", line 729, in send
    raise ConnectionError(e, request=request)
requests.exceptions.ConnectionError: HTTPSConnectionPool(host='codeforces.com', port=443): Max retries exceeded with url: /api/user.status?handle=divyanshchandhok (Caused by NameResolutionError("HTTPSConnection(host='codeforces.com', port=443): Failed to resolve 'codeforces.com' ([Errno 8] nodename nor servname provided, or not known)"))
