Generated dashboard SVG at: /Users/nehalbaid/projects/cf_submissions/assets/stats.svg
Scanning local files in /Users/nehalbaid/codeforces...
Found 282 local code files matching problem format.
Fetching user submissions from Codeforces API...
User divyanshchandhok has 280 accepted problems on Codeforces.
Skipping 2236C.cpp - No accepted submission found on CF.
Skipping 1362C.cpp - No accepted submission found on CF.
Skipping 455A.cpp - No accepted submission found on CF.
Skipping 1362A.cpp - No accepted submission found on CF.
Skipping 1759D.cpp - No accepted submission found on CF.
Skipping 960B.cpp - No accepted submission found on CF.
Skipping 1830A.cpp - No accepted submission found on CF.
Skipping 2228A.cpp - No accepted submission found on CF.
Skipping 2228C1.cpp - No accepted submission found on CF.
Skipping 2228B.cpp - No accepted submission found on CF.
Skipping 2196E2.cpp - No accepted submission found on CF.
Skipping 1901B.cpp - No accepted submission found on CF.
Skipping 1215B.cpp - No accepted submission found on CF.
Skipping 2189A.cpp - No accepted submission found on CF.
Skipping 2185E.cpp - No accepted submission found on CF.
Successfully updated main repository README.md dashboard.
Generating SVG dashboard card...

Sync completed successfully!
No new solved problems found. Repository is up to date.
Generated dashboard SVG at: /Users/nehalbaid/projects/cf_submissions/assets/stats.svg
Scanning local files in /Users/nehalbaid/codeforces...
Found 282 local code files matching problem format.
Fetching user submissions from Codeforces API...
User divyanshchandhok has 280 accepted problems on Codeforces.
Skipping 2236C.cpp - No accepted submission found on CF.
Skipping 1362C.cpp - No accepted submission found on CF.
Skipping 455A.cpp - No accepted submission found on CF.
Skipping 1362A.cpp - No accepted submission found on CF.
Skipping 1759D.cpp - No accepted submission found on CF.
Skipping 960B.cpp - No accepted submission found on CF.
Skipping 1830A.cpp - No accepted submission found on CF.
Skipping 2228A.cpp - No accepted submission found on CF.
Skipping 2228C1.cpp - No accepted submission found on CF.
Skipping 2228B.cpp - No accepted submission found on CF.
Skipping 2196E2.cpp - No accepted submission found on CF.
Skipping 1901B.cpp - No accepted submission found on CF.
Skipping 1215B.cpp - No accepted submission found on CF.
Skipping 2189A.cpp - No accepted submission found on CF.
Skipping 2185E.cpp - No accepted submission found on CF.
Successfully updated main repository README.md dashboard.
Generating SVG dashboard card...

Sync completed successfully!
No new solved problems found. Repository is up to date.
Scanning local files in /Users/nehalbaid/codeforces...
Found 282 local code files matching problem format.
Fetching user submissions from Codeforces API...
Sync script exited with error code 1.
Generated dashboard SVG at: /Users/nehalbaid/projects/cf_submissions/assets/stats.svg
Scanning local files in /Users/nehalbaid/codeforces...
Found 282 local code files matching problem format.
Fetching user submissions from Codeforces API...
User divyanshchandhok has 280 accepted problems on Codeforces.
Rating updated for 2236A on Codeforces (N/A -> 800). Re-generating problem files...

Processing matching solution: 2236A...
Scraping problem details from: https://codeforces.com/problemset/problem/2236/A
Copied solution file to /Users/nehalbaid/projects/cf_submissions/problems/2236A/solution.cpp
Generated problem README at /Users/nehalbaid/projects/cf_submissions/problems/2236A/README.md
Rating updated for 2236B on Codeforces (N/A -> 800). Re-generating problem files...

Processing matching solution: 2236B...
Scraping problem details from: https://codeforces.com/problemset/problem/2236/B
Copied solution file to /Users/nehalbaid/projects/cf_submissions/problems/2236B/solution.cpp
Generated problem README at /Users/nehalbaid/projects/cf_submissions/problems/2236B/README.md
Skipping 2236C.cpp - No accepted submission found on CF.
Skipping 1362C.cpp - No accepted submission found on CF.
Skipping 455A.cpp - No accepted submission found on CF.
Skipping 1362A.cpp - No accepted submission found on CF.
Skipping 1759D.cpp - No accepted submission found on CF.
Skipping 960B.cpp - No accepted submission found on CF.
Skipping 1830A.cpp - No accepted submission found on CF.
Skipping 2228A.cpp - No accepted submission found on CF.
Skipping 2228C1.cpp - No accepted submission found on CF.
Skipping 2228B.cpp - No accepted submission found on CF.
Skipping 2196E2.cpp - No accepted submission found on CF.
Skipping 1901B.cpp - No accepted submission found on CF.
Skipping 1215B.cpp - No accepted submission found on CF.
Skipping 2189A.cpp - No accepted submission found on CF.
Skipping 2185E.cpp - No accepted submission found on CF.
Successfully updated main repository README.md dashboard.
Generating SVG dashboard card...

Sync completed successfully!
New problems detected! Staging, committing, and pushing...
